{"C:\\Users\\danie\\dev\\apmhelp\\vitest-hello-world\\vitest-hello-world\\src\\lib\\sum.ts": {"path":"C:\\Users\\danie\\dev\\apmhelp\\vitest-hello-world\\vitest-hello-world\\src\\lib\\sum.ts","all":false,"statementMap":{"0":{"start":{"line":1,"column":0},"end":{"line":1,"column":0}},"1":{"start":{"line":2,"column":0},"end":{"line":2,"column":51}},"2":{"start":{"line":3,"column":0},"end":{"line":3,"column":14}},"3":{"start":{"line":4,"column":0},"end":{"line":4,"column":1}}},"s":{"0":1,"1":1,"2":1,"3":1},"branchMap":{},"b":{},"fnMap":{},"f":{}}
}
